[0706/213331.017:ERROR:process_info.cc(359)] UncheckedAllocate
[0706/213335.928:ERROR:process_info.cc(329)] VirtualQueryEx: Access is denied. (0x5)
[0706/213335.928:ERROR:process_info.cc(550)] ReadMemoryInfo failed
[0706/213335.928:ERROR:scoped_process_suspend.cc(40)] NtResumeProcess: An attempt was made to access an exiting process. (0xc000010a)
[0706/213335.929:ERROR:process_info.cc(329)] VirtualQueryEx: Access is denied. (0x5)
[0706/213335.929:ERROR:process_info.cc(550)] ReadMemoryInfo failed
[0706/213335.929:ERROR:process_memory_win.cc(39)] Failed to initialize ProcessInfo.
[0706/213335.929:ERROR:scoped_process_suspend.cc(40)] NtResumeProcess: An attempt was made to access an exiting process. (0xc000010a)
[0706/213335.930:ERROR:process_memory_win.cc(73)] ReadMemory at 0x7ff8633401f8 of 40 bytes failed: Only part of a ReadProcessMemory or WriteProcessMemory request was completed. (0x12B)
[0706/213335.930:WARNING:pe_image_reader.cc(392)] could not read section 0 from C:\Windows\system32\WINTRUST.dll
[0706/213335.930:ERROR:process_memory_win.cc(73)] ReadMemory at 0x7ff862f90000 of 64 bytes failed: Only part of a ReadProcessMemory or WriteProcessMemory request was completed. (0x12B)
[0706/213335.930:WARNING:pe_image_reader.cc(340)] could not read dos header from C:\Windows\system32\MSASN1.dll
[0706/213335.930:ERROR:process_memory_win.cc(73)] ReadMemory at 0x7ff862f90000 of 64 bytes failed: Only part of a ReadProcessMemory or WriteProcessMemory request was completed. (0x12B)
[0706/213335.930:WARNING:pe_image_reader.cc(340)] could not read dos header from C:\Windows\system32\MSASN1.dll
[0706/213335.930:ERROR:process_memory_win.cc(73)] ReadMemory at 0x7ff863170000 of 64 bytes failed: Only part of a ReadProcessMemory or WriteProcessMemory request was completed. (0x12B)
[0706/213335.930:WARNING:pe_image_reader.cc(340)] could not read dos header from C:\Windows\system32\CRYPT32.dll
[0706/213335.930:ERROR:process_memory_win.cc(73)] ReadMemory at 0x7ff863170000 of 64 bytes failed: Only part of a ReadProcessMemory or WriteProcessMemory request was completed. (0x12B)
[0706/213335.930:WARNING:pe_image_reader.cc(340)] could not read dos header from C:\Windows\system32\CRYPT32.dll
[0706/213335.930:ERROR:process_memory_win.cc(73)] ReadMemory at 0x7ff864640000 of 64 bytes failed: Only part of a ReadProcessMemory or WriteProcessMemory request was completed. (0x12B)
[0706/213335.930:WARNING:pe_image_reader.cc(340)] could not read dos header from C:\Windows\system32\COMDLG32.dll
[0706/213335.930:ERROR:process_memory_win.cc(73)] ReadMemory at 0x7ff864640000 of 64 bytes failed: Only part of a ReadProcessMemory or WriteProcessMemory request was completed. (0x12B)
[0706/213335.931:WARNING:pe_image_reader.cc(340)] could not read dos header from C:\Windows\system32\COMDLG32.dll
[0706/213335.931:ERROR:process_memory_win.cc(73)] ReadMemory at 0x7ff85e030000 of 64 bytes failed: Only part of a ReadProcessMemory or WriteProcessMemory request was completed. (0x12B)
[0706/213335.931:WARNING:pe_image_reader.cc(340)] could not read dos header from C:\Windows\SYSTEM32\IPHLPAPI.DLL
[0706/213335.931:ERROR:process_memory_win.cc(73)] ReadMemory at 0x7ff85e030000 of 64 bytes failed: Only part of a ReadProcessMemory or WriteProcessMemory request was completed. (0x12B)
[0706/213335.931:WARNING:pe_image_reader.cc(340)] could not read dos header from C:\Windows\SYSTEM32\IPHLPAPI.DLL
[0706/213335.931:ERROR:process_memory_win.cc(73)] ReadMemory at 0x7ff857510000 of 64 bytes failed: Only part of a ReadProcessMemory or WriteProcessMemory request was completed. (0x12B)
[0706/213335.932:WARNING:pe_image_reader.cc(340)] could not read dos header from C:\Windows\SYSTEM32\OLEACC.dll
[0706/213335.932:ERROR:process_memory_win.cc(73)] ReadMemory at 0x7ff857510000 of 64 bytes failed: Only part of a ReadProcessMemory or WriteProcessMemory request was completed. (0x12B)
[0706/213335.932:WARNING:pe_image_reader.cc(340)] could not read dos header from C:\Windows\SYSTEM32\OLEACC.dll
[0706/213335.932:ERROR:process_memory_win.cc(73)] ReadMemory at 0x7ff84d5b0000 of 64 bytes failed: Only part of a ReadProcessMemory or WriteProcessMemory request was completed. (0x12B)
[0706/213335.933:WARNING:pe_image_reader.cc(340)] could not read dos header from C:\Windows\SYSTEM32\UIAutomationCore.DLL
[0706/213335.932:ERROR:process_info.cc(329)] VirtualQueryEx: Access is denied. (0x5)
[0706/213335.933:ERROR:process_info.cc(550)] ReadMemoryInfo failed
[0706/213335.934:ERROR:scoped_process_suspend.cc(40)] NtResumeProcess: An attempt was made to access an exiting process. (0xc000010a)
[0706/213335.933:ERROR:process_memory_win.cc(73)] ReadMemory at 0x7ff84d5b0000 of 64 bytes failed: Only part of a ReadProcessMemory or WriteProcessMemory request was completed. (0x12B)
[0706/213335.934:WARNING:pe_image_reader.cc(340)] could not read dos header from C:\Windows\SYSTEM32\UIAutomationCore.DLL
[0706/213335.934:ERROR:process_memory_win.cc(73)] ReadMemory at 0x7ff860f40000 of 64 bytes failed: Only part of a ReadProcessMemory or WriteProcessMemory request was completed. (0x12B)
[0706/213335.934:WARNING:pe_image_reader.cc(340)] could not read dos header from C:\Windows\SYSTEM32\WTSAPI32.dll
[0706/213335.934:ERROR:process_memory_win.cc(73)] ReadMemory at 0x7ff860f40000 of 64 bytes failed: Only part of a ReadProcessMemory or WriteProcessMemory request was completed. (0x12B)
[0706/213335.934:WARNING:pe_image_reader.cc(340)] could not read dos header from C:\Windows\SYSTEM32\WTSAPI32.dll
[0706/213335.935:ERROR:process_memory_win.cc(73)] ReadMemory at 0x7ff85d9a0000 of 64 bytes failed: Only part of a ReadProcessMemory or WriteProcessMemory request was completed. (0x12B)
[0706/213335.935:WARNING:pe_image_reader.cc(340)] could not read dos header from C:\Windows\SYSTEM32\DWrite.dll
[0706/213335.935:ERROR:process_memory_win.cc(73)] ReadMemory at 0x7ff85d9a0000 of 64 bytes failed: Only part of a ReadProcessMemory or WriteProcessMemory request was completed. (0x12B)
[0706/213335.935:WARNING:pe_image_reader.cc(340)] could not read dos header from C:\Windows\SYSTEM32\DWrite.dll
[0706/213335.935:ERROR:process_memory_win.cc(73)] ReadMemory at 0x7ff85fcf0000 of 64 bytes failed: Only part of a ReadProcessMemory or WriteProcessMemory request was completed. (0x12B)
[0706/213335.935:WARNING:pe_image_reader.cc(340)] could not read dos header from C:\Windows\SYSTEM32\dxgi.dll
[0706/213335.935:ERROR:process_memory_win.cc(73)] ReadMemory at 0x7ff85fcf0000 of 64 bytes failed: Only part of a ReadProcessMemory or WriteProcessMemory request was completed. (0x12B)
[0706/213335.936:WARNING:pe_image_reader.cc(340)] could not read dos header from C:\Windows\SYSTEM32\dxgi.dll
[0706/213335.936:ERROR:process_memory_win.cc(73)] ReadMemory at 0x7ff858510000 of 64 bytes failed: Only part of a ReadProcessMemory or WriteProcessMemory request was completed. (0x12B)
[0706/213335.936:WARNING:pe_image_reader.cc(340)] could not read dos header from C:\Windows\SYSTEM32\WINSPOOL.DRV
[0706/213335.936:ERROR:process_memory_win.cc(73)] ReadMemory at 0x7ff858510000 of 64 bytes failed: Only part of a ReadProcessMemory or WriteProcessMemory request was completed. (0x12B)
[0706/213335.936:WARNING:pe_image_reader.cc(340)] could not read dos header from C:\Windows\SYSTEM32\WINSPOOL.DRV
[0706/213335.937:ERROR:process_memory_win.cc(73)] ReadMemory at 0x7ff846270000 of 64 bytes failed: Only part of a ReadProcessMemory or WriteProcessMemory request was completed. (0x12B)
[0706/213335.937:WARNING:pe_image_reader.cc(340)] could not read dos header from C:\Windows\SYSTEM32\dbghelp.dll
[0706/213335.937:ERROR:process_memory_win.cc(73)] ReadMemory at 0x7ff846270000 of 64 bytes failed: Only part of a ReadProcessMemory or WriteProcessMemory request was completed. (0x12B)
[0706/213335.937:WARNING:pe_image_reader.cc(340)] could not read dos header from C:\Windows\SYSTEM32\dbghelp.dll
[0706/213335.938:ERROR:process_memory_win.cc(73)] ReadMemory at 0x7ff858780000 of 64 bytes failed: Only part of a ReadProcessMemory or WriteProcessMemory request was completed. (0x12B)
[0706/213335.938:WARNING:pe_image_reader.cc(340)] could not read dos header from C:\Windows\WinSxS\amd64_microsoft.windows.common-controls_6595b64144ccf1df_6.0.10240.16384_none_f41f7b285750ef43\COMCTL32.dll
[0706/213335.938:ERROR:process_memory_win.cc(73)] ReadMemory at 0x7ff858780000 of 64 bytes failed: Only part of a ReadProcessMemory or WriteProcessMemory request was completed. (0x12B)
[0706/213335.938:WARNING:pe_image_reader.cc(340)] could not read dos header from C:\Windows\WinSxS\amd64_microsoft.windows.common-controls_6595b64144ccf1df_6.0.10240.16384_none_f41f7b285750ef43\COMCTL32.dll
[0706/213335.938:ERROR:process_memory_win.cc(73)] ReadMemory at 0x7ff856ca0000 of 64 bytes failed: Only part of a ReadProcessMemory or WriteProcessMemory request was completed. (0x12B)
[0706/213335.938:WARNING:pe_image_reader.cc(340)] could not read dos header from C:\Windows\SYSTEM32\USP10.dll
[0706/213335.938:ERROR:process_memory_win.cc(73)] ReadMemory at 0x7ff856ca0000 of 64 bytes failed: Only part of a ReadProcessMemory or WriteProcessMemory request was completed. (0x12B)
[0706/213335.938:WARNING:pe_image_reader.cc(340)] could not read dos header from C:\Windows\SYSTEM32\USP10.dll
[0706/213335.938:ERROR:process_memory_win.cc(73)] ReadMemory at 0x7ff85de70000 of 64 bytes failed: Only part of a ReadProcessMemory or WriteProcessMemory request was completed. (0x12B)
[0706/213335.938:WARNING:pe_image_reader.cc(340)] could not read dos header from C:\Windows\SYSTEM32\WINHTTP.dll
[0706/213335.938:ERROR:process_memory_win.cc(73)] ReadMemory at 0x7ff85de70000 of 64 bytes failed: Only part of a ReadProcessMemory or WriteProcessMemory request was completed. (0x12B)
[0706/213335.938:WARNING:pe_image_reader.cc(340)] could not read dos header from C:\Windows\SYSTEM32\WINHTTP.dll
[0706/213335.938:ERROR:process_memory_win.cc(73)] ReadMemory at 0x7ff855d60000 of 64 bytes failed: Only part of a ReadProcessMemory or WriteProcessMemory request was completed. (0x12B)
[0706/213335.938:WARNING:pe_image_reader.cc(340)] could not read dos header from C:\Windows\SYSTEM32\urlmon.dll
[0706/213335.938:ERROR:process_memory_win.cc(73)] ReadMemory at 0x7ff855d60000 of 64 bytes failed: Only part of a ReadProcessMemory or WriteProcessMemory request was completed. (0x12B)
[0706/213335.938:WARNING:pe_image_reader.cc(340)] could not read dos header from C:\Windows\SYSTEM32\urlmon.dll
[0706/213335.938:ERROR:process_memory_win.cc(73)] ReadMemory at 0x7ff8573f0000 of 64 bytes failed: Only part of a ReadProcessMemory or WriteProcessMemory request was completed. (0x12B)
[0706/213335.938:WARNING:pe_image_reader.cc(340)] could not read dos header from C:\Windows\SYSTEM32\Secur32.dll
[0706/213335.938:ERROR:process_memory_win.cc(73)] ReadMemory at 0x7ff8573f0000 of 64 bytes failed: Only part of a ReadProcessMemory or WriteProcessMemory request was completed. (0x12B)
[0706/213335.939:WARNING:pe_image_reader.cc(340)] could not read dos header from C:\Windows\SYSTEM32\Secur32.dll
[0706/213335.939:ERROR:process_memory_win.cc(73)] ReadMemory at 0x7ff85dfb0000 of 64 bytes failed: Only part of a ReadProcessMemory or WriteProcessMemory request was completed. (0x12B)
[0706/213335.939:WARNING:pe_image_reader.cc(340)] could not read dos header from C:\Windows\SYSTEM32\dhcpcsvc.DLL
[0706/213335.939:ERROR:process_memory_win.cc(73)] ReadMemory at 0x7ff85dfb0000 of 64 bytes failed: Only part of a ReadProcessMemory or WriteProcessMemory request was completed. (0x12B)
[0706/213335.939:WARNING:pe_image_reader.cc(340)] could not read dos header from C:\Windows\SYSTEM32\dhcpcsvc.DLL
[0706/213335.939:ERROR:process_memory_win.cc(73)] ReadMemory at 0x7ff85e0c0000 of 64 bytes failed: Only part of a ReadProcessMemory or WriteProcessMemory request was completed. (0x12B)
[0706/213335.939:WARNING:pe_image_reader.cc(340)] could not read dos header from C:\Windows\SYSTEM32\WINNSI.DLL
[0706/213335.939:ERROR:process_memory_win.cc(73)] ReadMemory at 0x7ff85e0c0000 of 64 bytes failed: Only part of a ReadProcessMemory or WriteProcessMemory request was completed. (0x12B)
[0706/213335.939:WARNING:pe_image_reader.cc(340)] could not read dos header from C:\Windows\SYSTEM32\WINNSI.DLL
[0706/213335.939:ERROR:process_memory_win.cc(73)] ReadMemory at 0x7ff862a50000 of 64 bytes failed: Only part of a ReadProcessMemory or WriteProcessMemory request was completed. (0x12B)
[0706/213335.939:WARNING:pe_image_reader.cc(340)] could not read dos header from C:\Windows\SYSTEM32\bcrypt.dll
[0706/213335.939:ERROR:process_memory_win.cc(73)] ReadMemory at 0x7ff862a50000 of 64 bytes failed: Only part of a ReadProcessMemory or WriteProcessMemory request was completed. (0x12B)
[0706/213335.939:WARNING:pe_image_reader.cc(340)] could not read dos header from C:\Windows\SYSTEM32\bcrypt.dll
[0706/213335.939:ERROR:process_memory_win.cc(73)] ReadMemory at 0x7ff85c270000 of 64 bytes failed: Only part of a ReadProcessMemory or WriteProcessMemory request was completed. (0x12B)
[0706/213335.939:WARNING:pe_image_reader.cc(340)] could not read dos header from C:\Windows\SYSTEM32\iertutil.dll
[0706/213335.939:ERROR:process_memory_win.cc(73)] ReadMemory at 0x7ff85c270000 of 64 bytes failed: Only part of a ReadProcessMemory or WriteProcessMemory request was completed. (0x12B)
[0706/213335.939:WARNING:pe_image_reader.cc(340)] could not read dos header from C:\Windows\SYSTEM32\iertutil.dll
[0706/213335.939:ERROR:process_memory_win.cc(73)] ReadMemory at 0x7ff862b60000 of 64 bytes failed: Only part of a ReadProcessMemory or WriteProcessMemory request was completed. (0x12B)
[0706/213335.939:WARNING:pe_image_reader.cc(340)] could not read dos header from C:\Windows\SYSTEM32\SSPICLI.DLL
[0706/213335.939:ERROR:process_memory_win.cc(73)] ReadMemory at 0x7ff862b60000 of 64 bytes failed: Only part of a ReadProcessMemory or WriteProcessMemory request was completed. (0x12B)
[0706/213335.939:WARNING:pe_image_reader.cc(340)] could not read dos header from C:\Windows\SYSTEM32\SSPICLI.DLL
[0706/213335.947:ERROR:process_memory_win.cc(73)] ReadMemory at 0x7ff7846a0000 of 64 bytes failed: Only part of a ReadProcessMemory or WriteProcessMemory request was completed. (0x12B)
[0706/213335.947:WARNING:pe_image_reader.cc(340)] could not read dos header from C:\Program Files (x86)\Google\Chrome\Application\chrome.exe
[0706/213335.947:ERROR:process_memory_win.cc(73)] ReadMemory at 0x7ff8664e0000 of 64 bytes failed: Only part of a ReadProcessMemory or WriteProcessMemory request was completed. (0x12B)
[0706/213335.948:WARNING:pe_image_reader.cc(340)] could not read dos header from C:\Windows\SYSTEM32\ntdll.dll
[0706/213335.948:ERROR:process_memory_win.cc(73)] ReadMemory at 0x7ff863cd0000 of 64 bytes failed: Only part of a ReadProcessMemory or WriteProcessMemory request was completed. (0x12B)
[0706/213335.948:WARNING:pe_image_reader.cc(340)] could not read dos header from C:\Windows\system32\KERNEL32.DLL
[0706/213335.948:ERROR:process_memory_win.cc(73)] ReadMemory at 0x7ff8633a0000 of 64 bytes failed: Only part of a ReadProcessMemory or WriteProcessMemory request was completed. (0x12B)
[0706/213335.948:WARNING:pe_image_reader.cc(340)] could not read dos header from C:\Windows\system32\KERNELBASE.dll
[0706/213335.948:ERROR:process_memory_win.cc(73)] ReadMemory at 0x7ff8648b0000 of 64 bytes failed: Only part of a ReadProcessMemory or WriteProcessMemory request was completed. (0x12B)
[0706/213335.948:WARNING:pe_image_reader.cc(340)] could not read dos header from C:\Windows\system32\SHELL32.dll
[0706/213335.948:ERROR:process_memory_win.cc(73)] ReadMemory at 0x5a1b980000 of 64 bytes failed: Only part of a ReadProcessMemory or WriteProcessMemory request was completed. (0x12B)
[0706/213335.948:WARNING:pe_image_reader.cc(340)] could not read dos header from C:\Windows\system32\msvcrt.dll
[0706/213335.948:ERROR:process_memory_win.cc(73)] ReadMemory at 0x7ff863580000 of 64 bytes failed: Only part of a ReadProcessMemory or WriteProcessMemory request was completed. (0x12B)
[0706/213335.948:WARNING:pe_image_reader.cc(340)] could not read dos header from C:\Windows\system32\windows.storage.dll
[0706/213335.948:ERROR:process_memory_win.cc(73)] ReadMemory at 0x7ff865de0000 of 64 bytes failed: Only part of a ReadProcessMemory or WriteProcessMemory request was completed. (0x12B)
[0706/213335.948:WARNING:pe_image_reader.cc(340)] could not read dos header from C:\Windows\system32\combase.dll
[0706/213335.948:ERROR:process_memory_win.cc(73)] ReadMemory at 0x7ff864780000 of 64 bytes failed: Only part of a ReadProcessMemory or WriteProcessMemory request was completed. (0x12B)
[0706/213335.948:WARNING:pe_image_reader.cc(340)] could not read dos header from C:\Windows\system32\RPCRT4.dll
[0706/213335.948:ERROR:process_memory_win.cc(73)] ReadMemory at 0x7ff866140000 of 64 bytes failed: Only part of a ReadProcessMemory or WriteProcessMemory request was completed. (0x12B)
[0706/213335.948:WARNING:pe_image_reader.cc(340)] could not read dos header from C:\Windows\system32\advapi32.dll
[0706/213335.948:ERROR:process_memory_win.cc(73)] ReadMemory at 0x7ff863e20000 of 64 bytes failed: Only part of a ReadProcessMemory or WriteProcessMemory request was completed. (0x12B)
[0706/213335.948:WARNING:pe_image_reader.cc(340)] could not read dos header from C:\Windows\system32\sechost.dll
[0706/213335.948:ERROR:process_memory_win.cc(73)] ReadMemory at 0x7ff866060000 of 64 bytes failed: Only part of a ReadProcessMemory or WriteProcessMemory request was completed. (0x12B)
[0706/213335.948:WARNING:pe_image_reader.cc(340)] could not read dos header from C:\Windows\system32\shlwapi.dll
[0706/213335.948:ERROR:process_memory_win.cc(73)] ReadMemory at 0x7ff8661f0000 of 64 bytes failed: Only part of a ReadProcessMemory or WriteProcessMemory request was completed. (0x12B)
[0706/213335.948:WARNING:pe_image_reader.cc(340)] could not read dos header from C:\Windows\system32\GDI32.dll
[0706/213335.948:ERROR:process_memory_win.cc(73)] ReadMemory at 0x5a1ba20000 of 64 bytes failed: Only part of a ReadProcessMemory or WriteProcessMemory request was completed. (0x12B)
[0706/213335.948:WARNING:pe_image_reader.cc(340)] could not read dos header from C:\Windows\system32\USER32.dll
[0706/213335.948:ERROR:process_memory_win.cc(73)] ReadMemory at 0x7ff862f60000 of 64 bytes failed: Only part of a ReadProcessMemory or WriteProcessMemory request was completed. (0x12B)
[0706/213335.949:WARNING:pe_image_reader.cc(340)] could not read dos header from C:\Windows\system32\kernel.appcore.dll
[0706/213335.949:ERROR:process_memory_win.cc(73)] ReadMemory at 0x7ff863000000 of 64 bytes failed: Only part of a ReadProcessMemory or WriteProcessMemory request was completed. (0x12B)
[0706/213335.949:WARNING:pe_image_reader.cc(340)] could not read dos header from C:\Windows\system32\shcore.dll
[0706/213335.949:ERROR:process_memory_win.cc(73)] ReadMemory at 0x7ff862f10000 of 64 bytes failed: Only part of a ReadProcessMemory or WriteProcessMemory request was completed. (0x12B)
[0706/213335.949:WARNING:pe_image_reader.cc(340)] could not read dos header from C:\Windows\system32\powrprof.dll
[0706/213335.949:ERROR:process_memory_win.cc(73)] ReadMemory at 0x7ff862f70000 of 64 bytes failed: Only part of a ReadProcessMemory or WriteProcessMemory request was completed. (0x12B)
[0706/213335.949:WARNING:pe_image_reader.cc(340)] could not read dos header from C:\Windows\system32\profapi.dll
[0706/213335.949:ERROR:process_memory_win.cc(73)] ReadMemory at 0x7ff84b0a0000 of 64 bytes failed: Only part of a ReadProcessMemory or WriteProcessMemory request was completed. (0x12B)
[0706/213335.949:WARNING:pe_image_reader.cc(340)] could not read dos header from C:\Program Files (x86)\Google\Chrome\Application\75.0.3770.100\chrome_elf.dll
[0706/213335.949:ERROR:process_memory_win.cc(73)] ReadMemory at 0x7ff857f60000 of 64 bytes failed: Only part of a ReadProcessMemory or WriteProcessMemory request was completed. (0x12B)
[0706/213335.949:WARNING:pe_image_reader.cc(340)] could not read dos header from C:\Windows\SYSTEM32\VERSION.dll
[0706/213335.949:ERROR:process_memory_win.cc(73)] ReadMemory at 0x7ff859310000 of 64 bytes failed: Only part of a ReadProcessMemory or WriteProcessMemory request was completed. (0x12B)
[0706/213335.949:WARNING:pe_image_reader.cc(340)] could not read dos header from C:\Windows\SYSTEM32\WINMM.dll
[0706/213335.949:ERROR:process_memory_win.cc(73)] ReadMemory at 0x7ff862560000 of 64 bytes failed: Only part of a ReadProcessMemory or WriteProcessMemory request was completed. (0x12B)
[0706/213335.949:WARNING:pe_image_reader.cc(340)] could not read dos header from C:\Windows\SYSTEM32\USERENV.dll
[0706/213335.949:ERROR:process_memory_win.cc(73)] ReadMemory at 0x7ff8592e0000 of 64 bytes failed: Only part of a ReadProcessMemory or WriteProcessMemory request was completed. (0x12B)
[0706/213335.949:WARNING:pe_image_reader.cc(340)] could not read dos header from C:\Windows\SYSTEM32\WINMMBASE.dll
[0706/213335.949:ERROR:process_memory_win.cc(73)] ReadMemory at 0x7ff862fb0000 of 64 bytes failed: Only part of a ReadProcessMemory or WriteProcessMemory request was completed. (0x12B)
[0706/213335.949:WARNING:pe_image_reader.cc(340)] could not read dos header from C:\Windows\system32\cfgmgr32.dll
[0706/213335.949:ERROR:process_memory_win.cc(73)] ReadMemory at 0x7ff861880000 of 64 bytes failed: Only part of a ReadProcessMemory or WriteProcessMemory request was completed. (0x12B)
[0706/213335.949:WARNING:pe_image_reader.cc(340)] could not read dos header from C:\Windows\SYSTEM32\DEVOBJ.dll
[0706/213335.949:ERROR:process_memory_win.cc(73)] ReadMemory at 0x7ff862950000 of 64 bytes failed: Only part of a ReadProcessMemory or WriteProcessMemory request was completed. (0x12B)
[0706/213335.949:WARNING:pe_image_reader.cc(340)] could not read dos header from C:\Windows\SYSTEM32\CRYPTBASE.DLL
[0706/213335.949:ERROR:process_memory_win.cc(73)] ReadMemory at 0x7ff862d60000 of 64 bytes failed: Only part of a ReadProcessMemory or WriteProcessMemory request was completed. (0x12B)
[0706/213335.949:WARNING:pe_image_reader.cc(340)] could not read dos header from C:\Windows\SYSTEM32\bcryptPrimitives.dll
[0706/213335.949:ERROR:process_memory_win.cc(73)] ReadMemory at 0x7ff864600000 of 64 bytes failed: Only part of a ReadProcessMemory or WriteProcessMemory request was completed. (0x12B)
[0706/213335.949:WARNING:pe_image_reader.cc(340)] could not read dos header from C:\Windows\system32\IMM32.DLL
[0706/213335.949:ERROR:process_memory_win.cc(73)] ReadMemory at 0x7ff863f10000 of 64 bytes failed: Only part of a ReadProcessMemory or WriteProcessMemory request was completed. (0x12B)
[0706/213335.949:WARNING:pe_image_reader.cc(340)] could not read dos header from C:\Windows\system32\MSCTF.dll
[0706/213335.949:ERROR:process_memory_win.cc(73)] ReadMemory at 0x7ff832d90000 of 64 bytes failed: Only part of a ReadProcessMemory or WriteProcessMemory request was completed. (0x12B)
[0706/213335.949:WARNING:pe_image_reader.cc(340)] could not read dos header from C:\Program Files (x86)\Google\Chrome\Application\75.0.3770.100\chrome_child.dll
[0706/213335.949:ERROR:process_memory_win.cc(73)] ReadMemory at 0x7ff863e90000 of 64 bytes failed: Only part of a ReadProcessMemory or WriteProcessMemory request was completed. (0x12B)
[0706/213335.950:WARNING:pe_image_reader.cc(340)] could not read dos header from C:\Windows\system32\WS2_32.dll
[0706/213335.950:ERROR:process_memory_win.cc(73)] ReadMemory at 0x7ff8664d0000 of 64 bytes failed: Only part of a ReadProcessMemory or WriteProcessMemory request was completed. (0x12B)
[0706/213335.950:WARNING:pe_image_reader.cc(340)] could not read dos header from C:\Windows\system32\NSI.dll
[0706/213335.950:ERROR:process_memory_win.cc(73)] ReadMemory at 0x7ff8642e0000 of 64 bytes failed: Only part of a ReadProcessMemory or WriteProcessMemory request was completed. (0x12B)
[0706/213335.950:WARNING:pe_image_reader.cc(340)] could not read dos header from C:\Windows\system32\ole32.dll
[0706/213335.950:ERROR:process_memory_win.cc(73)] ReadMemory at 0x7ff864220000 of 64 bytes failed: Only part of a ReadProcessMemory or WriteProcessMemory request was completed. (0x12B)
[0706/213335.950:WARNING:pe_image_reader.cc(340)] could not read dos header from C:\Windows\system32\OLEAUT32.dll
[0706/213335.950:ERROR:process_memory_win.cc(73)] ReadMemory at 0x7ff863340000 of 64 bytes failed: Only part of a ReadProcessMemory or WriteProcessMemory request was completed. (0x12B)
[0706/213335.950:WARNING:pe_image_reader.cc(340)] could not read dos header from C:\Windows\system32\WINTRUST.dll
[0706/213335.950:ERROR:process_memory_win.cc(73)] ReadMemory at 0x7ff862f90000 of 64 bytes failed: Only part of a ReadProcessMemory or WriteProcessMemory request was completed. (0x12B)
[0706/213335.950:WARNING:pe_image_reader.cc(340)] could not read dos header from C:\Windows\system32\MSASN1.dll
[0706/213335.950:ERROR:process_memory_win.cc(73)] ReadMemory at 0x7ff863170000 of 64 bytes failed: Only part of a ReadProcessMemory or WriteProcessMemory request was completed. (0x12B)
[0706/213335.950:WARNING:pe_image_reader.cc(340)] could not read dos header from C:\Windows\system32\CRYPT32.dll
[0706/213335.950:ERROR:process_memory_win.cc(73)] ReadMemory at 0x7ff864640000 of 64 bytes failed: Only part of a ReadProcessMemory or WriteProcessMemory request was completed. (0x12B)
[0706/213335.950:WARNING:pe_image_reader.cc(340)] could not read dos header from C:\Windows\system32\COMDLG32.dll
[0706/213335.950:ERROR:process_memory_win.cc(73)] ReadMemory at 0x7ff85e030000 of 64 bytes failed: Only part of a ReadProcessMemory or WriteProcessMemory request was completed. (0x12B)
[0706/213335.950:WARNING:pe_image_reader.cc(340)] could not read dos header from C:\Windows\SYSTEM32\IPHLPAPI.DLL
[0706/213335.950:ERROR:process_memory_win.cc(73)] ReadMemory at 0x7ff857510000 of 64 bytes failed: Only part of a ReadProcessMemory or WriteProcessMemory request was completed. (0x12B)
[0706/213335.950:WARNING:pe_image_reader.cc(340)] could not read dos header from C:\Windows\SYSTEM32\OLEACC.dll
[0706/213335.950:ERROR:process_memory_win.cc(73)] ReadMemory at 0x7ff84d5b0000 of 64 bytes failed: Only part of a ReadProcessMemory or WriteProcessMemory request was completed. (0x12B)
[0706/213335.950:WARNING:pe_image_reader.cc(340)] could not read dos header from C:\Windows\SYSTEM32\UIAutomationCore.DLL
[0706/213335.950:ERROR:process_memory_win.cc(73)] ReadMemory at 0x7ff860f40000 of 64 bytes failed: Only part of a ReadProcessMemory or WriteProcessMemory request was completed. (0x12B)
[0706/213335.950:WARNING:pe_image_reader.cc(340)] could not read dos header from C:\Windows\SYSTEM32\WTSAPI32.dll
[0706/213335.950:ERROR:process_memory_win.cc(73)] ReadMemory at 0x7ff85d9a0000 of 64 bytes failed: Only part of a ReadProcessMemory or WriteProcessMemory request was completed. (0x12B)
[0706/213335.950:WARNING:pe_image_reader.cc(340)] could not read dos header from C:\Windows\SYSTEM32\DWrite.dll
[0706/213335.950:ERROR:process_memory_win.cc(73)] ReadMemory at 0x7ff85fcf0000 of 64 bytes failed: Only part of a ReadProcessMemory or WriteProcessMemory request was completed. (0x12B)
[0706/213335.950:WARNING:pe_image_reader.cc(340)] could not read dos header from C:\Windows\SYSTEM32\dxgi.dll
[0706/213335.950:ERROR:process_memory_win.cc(73)] ReadMemory at 0x7ff858510000 of 64 bytes failed: Only part of a ReadProcessMemory or WriteProcessMemory request was completed. (0x12B)
[0706/213335.950:WARNING:pe_image_reader.cc(340)] could not read dos header from C:\Windows\SYSTEM32\WINSPOOL.DRV
[0706/213335.950:ERROR:process_memory_win.cc(73)] ReadMemory at 0x7ff846270000 of 64 bytes failed: Only part of a ReadProcessMemory or WriteProcessMemory request was completed. (0x12B)
[0706/213335.950:WARNING:pe_image_reader.cc(340)] could not read dos header from C:\Windows\SYSTEM32\dbghelp.dll
[0706/213335.950:ERROR:process_memory_win.cc(73)] ReadMemory at 0x7ff858780000 of 64 bytes failed: Only part of a ReadProcessMemory or WriteProcessMemory request was completed. (0x12B)
[0706/213335.950:WARNING:pe_image_reader.cc(340)] could not read dos header from C:\Windows\WinSxS\amd64_microsoft.windows.common-controls_6595b64144ccf1df_6.0.10240.16384_none_f41f7b285750ef43\COMCTL32.dll
[0706/213335.950:ERROR:process_memory_win.cc(73)] ReadMemory at 0x7ff856ca0000 of 64 bytes failed: Only part of a ReadProcessMemory or WriteProcessMemory request was completed. (0x12B)
[0706/213335.950:WARNING:pe_image_reader.cc(340)] could not read dos header from C:\Windows\SYSTEM32\USP10.dll
[0706/213335.950:ERROR:process_memory_win.cc(73)] ReadMemory at 0x7ff85de70000 of 64 bytes failed: Only part of a ReadProcessMemory or WriteProcessMemory request was completed. (0x12B)
[0706/213335.950:WARNING:pe_image_reader.cc(340)] could not read dos header from C:\Windows\SYSTEM32\WINHTTP.dll
[0706/213335.950:ERROR:process_memory_win.cc(73)] ReadMemory at 0x7ff855d60000 of 64 bytes failed: Only part of a ReadProcessMemory or WriteProcessMemory request was completed. (0x12B)
[0706/213335.950:WARNING:pe_image_reader.cc(340)] could not read dos header from C:\Windows\SYSTEM32\urlmon.dll
[0706/213335.950:ERROR:process_memory_win.cc(73)] ReadMemory at 0x7ff8573f0000 of 64 bytes failed: Only part of a ReadProcessMemory or WriteProcessMemory request was completed. (0x12B)
[0706/213335.950:WARNING:pe_image_reader.cc(340)] could not read dos header from C:\Windows\SYSTEM32\Secur32.dll
[0706/213335.950:ERROR:process_memory_win.cc(73)] ReadMemory at 0x7ff85dfb0000 of 64 bytes failed: Only part of a ReadProcessMemory or WriteProcessMemory request was completed. (0x12B)
[0706/213335.950:WARNING:pe_image_reader.cc(340)] could not read dos header from C:\Windows\SYSTEM32\dhcpcsvc.DLL
[0706/213335.950:ERROR:process_memory_win.cc(73)] ReadMemory at 0x7ff85e0c0000 of 64 bytes failed: Only part of a ReadProcessMemory or WriteProcessMemory request was completed. (0x12B)
[0706/213335.950:WARNING:pe_image_reader.cc(340)] could not read dos header from C:\Windows\SYSTEM32\WINNSI.DLL
[0706/213335.950:ERROR:process_memory_win.cc(73)] ReadMemory at 0x7ff862a50000 of 64 bytes failed: Only part of a ReadProcessMemory or WriteProcessMemory request was completed. (0x12B)
[0706/213335.950:WARNING:pe_image_reader.cc(340)] could not read dos header from C:\Windows\SYSTEM32\bcrypt.dll
[0706/213335.950:ERROR:process_memory_win.cc(73)] ReadMemory at 0x7ff85c270000 of 64 bytes failed: Only part of a ReadProcessMemory or WriteProcessMemory request was completed. (0x12B)
[0706/213335.950:WARNING:pe_image_reader.cc(340)] could not read dos header from C:\Windows\SYSTEM32\iertutil.dll
[0706/213335.950:ERROR:process_memory_win.cc(73)] ReadMemory at 0x7ff862b60000 of 64 bytes failed: Only part of a ReadProcessMemory or WriteProcessMemory request was completed. (0x12B)
[0706/213335.951:WARNING:pe_image_reader.cc(340)] could not read dos header from C:\Windows\SYSTEM32\SSPICLI.DLL
[0706/213335.955:ERROR:process_memory_win.cc(73)] ReadMemory at 0x5a1b699000 of 28672 bytes failed: Only part of a ReadProcessMemory or WriteProcessMemory request was completed. (0x12B)
[0706/213335.955:ERROR:process_memory_win.cc(73)] ReadMemory at 0x5a1df3d000 of 12288 bytes failed: Only part of a ReadProcessMemory or WriteProcessMemory request was completed. (0x12B)
[0706/213335.955:ERROR:process_memory_win.cc(73)] ReadMemory at 0x5a1e13d000 of 12288 bytes failed: Only part of a ReadProcessMemory or WriteProcessMemory request was completed. (0x12B)
[0706/213335.955:ERROR:process_memory_win.cc(73)] ReadMemory at 0x5a1e33d000 of 12288 bytes failed: Only part of a ReadProcessMemory or WriteProcessMemory request was completed. (0x12B)
[0706/213335.955:ERROR:process_memory_win.cc(73)] ReadMemory at 0x5a1e53c000 of 16384 bytes failed: Only part of a ReadProcessMemory or WriteProcessMemory request was completed. (0x12B)
[0706/213335.955:ERROR:process_memory_win.cc(73)] ReadMemory at 0x5a1e73f000 of 4096 bytes failed: Only part of a ReadProcessMemory or WriteProcessMemory request was completed. (0x12B)
[0706/213335.955:ERROR:process_memory_win.cc(73)] ReadMemory at 0x5a1e93d000 of 12288 bytes failed: Only part of a ReadProcessMemory or WriteProcessMemory request was completed. (0x12B)
[0706/213335.955:ERROR:process_memory_win.cc(73)] ReadMemory at 0x5a1b720860 of 3692 bytes failed: Only part of a ReadProcessMemory or WriteProcessMemory request was completed. (0x12B)
[0706/213335.956:ERROR:process_memory_win.cc(73)] ReadMemory at 0x5a1b7216e0 of 1012 bytes failed: Only part of a ReadProcessMemory or WriteProcessMemory request was completed. (0x12B)
[0706/213335.956:ERROR:process_memory_win.cc(73)] ReadMemory at 0x5a1b721cf8 of 118 bytes failed: Only part of a ReadProcessMemory or WriteProcessMemory request was completed. (0x12B)
[0706/213335.956:ERROR:process_memory_win.cc(73)] ReadMemory at 0x5a1b721d70 of 954 bytes failed: Only part of a ReadProcessMemory or WriteProcessMemory request was completed. (0x12B)
[0706/213335.956:ERROR:process_memory_win.cc(73)] ReadMemory at 0x5a1b72212c of 118 bytes failed: Only part of a ReadProcessMemory or WriteProcessMemory request was completed. (0x12B)
[0706/213335.956:ERROR:process_memory_win.cc(73)] ReadMemory at 0x5a1b7221a4 of 100 bytes failed: Only part of a ReadProcessMemory or WriteProcessMemory request was completed. (0x12B)
[0706/213335.956:ERROR:process_memory_win.cc(73)] ReadMemory at 0x5a1b722220 of 58 bytes failed: Only part of a ReadProcessMemory or WriteProcessMemory request was completed. (0x12B)
[0706/213335.956:ERROR:process_memory_win.cc(73)] ReadMemory at 0x5a1b722320 of 132 bytes failed: Only part of a ReadProcessMemory or WriteProcessMemory request was completed. (0x12B)
[0706/213335.956:ERROR:process_memory_win.cc(73)] ReadMemory at 0x5a1b7224a0 of 132 bytes failed: Only part of a ReadProcessMemory or WriteProcessMemory request was completed. (0x12B)
[0706/213335.956:ERROR:process_memory_win.cc(73)] ReadMemory at 0x5a1b722650 of 126 bytes failed: Only part of a ReadProcessMemory or WriteProcessMemory request was completed. (0x12B)
[0706/213335.956:ERROR:process_memory_win.cc(73)] ReadMemory at 0x5a1b722a00 of 132 bytes failed: Only part of a ReadProcessMemory or WriteProcessMemory request was completed. (0x12B)
[0706/213335.956:ERROR:process_memory_win.cc(73)] ReadMemory at 0x5a1b722b80 of 64 bytes failed: Only part of a ReadProcessMemory or WriteProcessMemory request was completed. (0x12B)
[0706/213335.956:ERROR:process_memory_win.cc(73)] ReadMemory at 0x5a1b722ec0 of 132 bytes failed: Only part of a ReadProcessMemory or WriteProcessMemory request was completed. (0x12B)
[0706/213335.956:ERROR:process_memory_win.cc(73)] ReadMemory at 0x5a1b723040 of 68 bytes failed: Only part of a ReadProcessMemory or WriteProcessMemory request was completed. (0x12B)
[0706/213335.956:ERROR:process_memory_win.cc(73)] ReadMemory at 0x5a1b7241a0 of 132 bytes failed: Only part of a ReadProcessMemory or WriteProcessMemory request was completed. (0x12B)
[0706/213335.956:ERROR:process_memory_win.cc(73)] ReadMemory at 0x5a1b724380 of 132 bytes failed: Only part of a ReadProcessMemory or WriteProcessMemory request was completed. (0x12B)
[0706/213335.956:ERROR:process_memory_win.cc(73)] ReadMemory at 0x5a1b724500 of 62 bytes failed: Only part of a ReadProcessMemory or WriteProcessMemory request was completed. (0x12B)
[0706/213335.956:ERROR:process_memory_win.cc(73)] ReadMemory at 0x5a1b724850 of 132 bytes failed: Only part of a ReadProcessMemory or WriteProcessMemory request was completed. (0x12B)
[0706/213335.956:ERROR:process_memory_win.cc(73)] ReadMemory at 0x5a1b7249d0 of 60 bytes failed: Only part of a ReadProcessMemory or WriteProcessMemory request was completed. (0x12B)
[0706/213335.956:ERROR:process_memory_win.cc(73)] ReadMemory at 0x5a1b724a20 of 158 bytes failed: Only part of a ReadProcessMemory or WriteProcessMemory request was completed. (0x12B)
[0706/213335.956:ERROR:process_memory_win.cc(73)] ReadMemory at 0x5a1b724bf0 of 132 bytes failed: Only part of a ReadProcessMemory or WriteProcessMemory request was completed. (0x12B)
[0706/213335.956:ERROR:process_memory_win.cc(73)] ReadMemory at 0x5a1b724d70 of 78 bytes failed: Only part of a ReadProcessMemory or WriteProcessMemory request was completed. (0x12B)
[0706/213335.956:ERROR:process_memory_win.cc(73)] ReadMemory at 0x5a1b725130 of 132 bytes failed: Only part of a ReadProcessMemory or WriteProcessMemory request was completed. (0x12B)
[0706/213335.956:ERROR:process_memory_win.cc(73)] ReadMemory at 0x5a1b7252b0 of 62 bytes failed: Only part of a ReadProcessMemory or WriteProcessMemory request was completed. (0x12B)
[0706/213335.956:ERROR:process_memory_win.cc(73)] ReadMemory at 0x5a1b725540 of 132 bytes failed: Only part of a ReadProcessMemory or WriteProcessMemory request was completed. (0x12B)
[0706/213335.957:ERROR:process_memory_win.cc(73)] ReadMemory at 0x5a1b7256c0 of 60 bytes failed: Only part of a ReadProcessMemory or WriteProcessMemory request was completed. (0x12B)
[0706/213335.957:ERROR:process_memory_win.cc(73)] ReadMemory at 0x5a1b725940 of 132 bytes failed: Only part of a ReadProcessMemory or WriteProcessMemory request was completed. (0x12B)
[0706/213335.957:ERROR:process_memory_win.cc(73)] ReadMemory at 0x5a1b725ac0 of 64 bytes failed: Only part of a ReadProcessMemory or WriteProcessMemory request was completed. (0x12B)
[0706/213335.957:ERROR:process_memory_win.cc(73)] ReadMemory at 0x5a1b725d20 of 132 bytes failed: Only part of a ReadProcessMemory or WriteProcessMemory request was completed. (0x12B)
[0706/213335.957:ERROR:process_memory_win.cc(73)] ReadMemory at 0x5a1b725ea0 of 62 bytes failed: Only part of a ReadProcessMemory or WriteProcessMemory request was completed. (0x12B)
[0706/213335.957:ERROR:process_memory_win.cc(73)] ReadMemory at 0x5a1b728cb0 of 132 bytes failed: Only part of a ReadProcessMemory or WriteProcessMemory request was completed. (0x12B)
[0706/213335.957:ERROR:process_memory_win.cc(73)] ReadMemory at 0x5a1b728e00 of 512 bytes failed: Only part of a ReadProcessMemory or WriteProcessMemory request was completed. (0x12B)
[0706/213335.957:ERROR:process_memory_win.cc(73)] ReadMemory at 0x5a1b7290b0 of 132 bytes failed: Only part of a ReadProcessMemory or WriteProcessMemory request was completed. (0x12B)
[0706/213335.957:ERROR:process_memory_win.cc(73)] ReadMemory at 0x5a1b7292e0 of 80 bytes failed: Only part of a ReadProcessMemory or WriteProcessMemory request was completed. (0x12B)
[0706/213335.957:ERROR:process_memory_win.cc(73)] ReadMemory at 0x5a1b7295e0 of 76 bytes failed: Only part of a ReadProcessMemory or WriteProcessMemory request was completed. (0x12B)
[0706/213335.957:ERROR:process_memory_win.cc(73)] ReadMemory at 0x5a1b7299e0 of 58 bytes failed: Only part of a ReadProcessMemory or WriteProcessMemory request was completed. (0x12B)
[0706/213335.957:ERROR:process_memory_win.cc(73)] ReadMemory at 0x5a1b729bd0 of 132 bytes failed: Only part of a ReadProcessMemory or WriteProcessMemory request was completed. (0x12B)
[0706/213335.957:ERROR:process_memory_win.cc(73)] ReadMemory at 0x5a1b729cf0 of 60 bytes failed: Only part of a ReadProcessMemory or WriteProcessMemory request was completed. (0x12B)
[0706/213335.957:ERROR:process_memory_win.cc(73)] ReadMemory at 0x5a1b729f40 of 132 bytes failed: Only part of a ReadProcessMemory or WriteProcessMemory request was completed. (0x12B)
[0706/213335.957:ERROR:process_memory_win.cc(73)] ReadMemory at 0x5a1b72a160 of 54 bytes failed: Only part of a ReadProcessMemory or WriteProcessMemory request was completed. (0x12B)
[0706/213335.957:ERROR:process_memory_win.cc(73)] ReadMemory at 0x5a1b72a210 of 132 bytes failed: Only part of a ReadProcessMemory or WriteProcessMemory request was completed. (0x12B)
[0706/213335.957:ERROR:process_memory_win.cc(73)] ReadMemory at 0x5a1b72a330 of 132 bytes failed: Only part of a ReadProcessMemory or WriteProcessMemory request was completed. (0x12B)
[0706/213335.957:ERROR:process_memory_win.cc(73)] ReadMemory at 0x5a1b72a450 of 132 bytes failed: Only part of a ReadProcessMemory or WriteProcessMemory request was completed. (0x12B)
[0706/213335.957:ERROR:process_memory_win.cc(73)] ReadMemory at 0x5a1b72a570 of 132 bytes failed: Only part of a ReadProcessMemory or WriteProcessMemory request was completed. (0x12B)
[0706/213335.957:ERROR:process_memory_win.cc(73)] ReadMemory at 0x5a1b72a690 of 132 bytes failed: Only part of a ReadProcessMemory or WriteProcessMemory request was completed. (0x12B)
[0706/213335.957:ERROR:process_memory_win.cc(73)] ReadMemory at 0x5a1b72a7b0 of 132 bytes failed: Only part of a ReadProcessMemory or WriteProcessMemory request was completed. (0x12B)
[0706/213335.957:ERROR:process_memory_win.cc(73)] ReadMemory at 0x5a1b72a8d0 of 132 bytes failed: Only part of a ReadProcessMemory or WriteProcessMemory request was completed. (0x12B)
[0706/213335.957:ERROR:process_memory_win.cc(73)] ReadMemory at 0x5a1b72a9f0 of 132 bytes failed: Only part of a ReadProcessMemory or WriteProcessMemory request was completed. (0x12B)
[0706/213335.957:ERROR:process_memory_win.cc(73)] ReadMemory at 0x5a1b72ab10 of 132 bytes failed: Only part of a ReadProcessMemory or WriteProcessMemory request was completed. (0x12B)
[0706/213335.957:ERROR:process_memory_win.cc(73)] ReadMemory at 0x5a1b72ac30 of 132 bytes failed: Only part of a ReadProcessMemory or WriteProcessMemory request was completed. (0x12B)
[0706/213335.957:ERROR:process_memory_win.cc(73)] ReadMemory at 0x5a1b72ad50 of 132 bytes failed: Only part of a ReadProcessMemory or WriteProcessMemory request was completed. (0x12B)
[0706/213335.957:ERROR:process_memory_win.cc(73)] ReadMemory at 0x5a1b72ae70 of 132 bytes failed: Only part of a ReadProcessMemory or WriteProcessMemory request was completed. (0x12B)
[0706/213335.957:ERROR:process_memory_win.cc(73)] ReadMemory at 0x5a1b72af90 of 132 bytes failed: Only part of a ReadProcessMemory or WriteProcessMemory request was completed. (0x12B)
[0706/213335.958:ERROR:process_memory_win.cc(73)] ReadMemory at 0x5a1b72b1d0 of 60 bytes failed: Only part of a ReadProcessMemory or WriteProcessMemory request was completed. (0x12B)
[0706/213335.958:ERROR:process_memory_win.cc(73)] ReadMemory at 0x5a1b72b510 of 62 bytes failed: Only part of a ReadProcessMemory or WriteProcessMemory request was completed. (0x12B)
[0706/213335.958:ERROR:process_memory_win.cc(73)] ReadMemory at 0x5a1b72b5b0 of 58 bytes failed: Only part of a ReadProcessMemory or WriteProcessMemory request was completed. (0x12B)
[0706/213335.958:ERROR:process_memory_win.cc(73)] ReadMemory at 0x5a1b72b600 of 66 bytes failed: Only part of a ReadProcessMemory or WriteProcessMemory request was completed. (0x12B)
[0706/213335.958:ERROR:process_memory_win.cc(73)] ReadMemory at 0x5a1b72b790 of 58 bytes failed: Only part of a ReadProcessMemory or WriteProcessMemory request was completed. (0x12B)
[0706/213335.958:ERROR:process_memory_win.cc(73)] ReadMemory at 0x5a1b72b7e0 of 60 bytes failed: Only part of a ReadProcessMemory or WriteProcessMemory request was completed. (0x12B)
[0706/213335.958:ERROR:process_memory_win.cc(73)] ReadMemory at 0x5a1b72b8d0 of 58 bytes failed: Only part of a ReadProcessMemory or WriteProcessMemory request was completed. (0x12B)
[0706/213335.958:ERROR:process_memory_win.cc(73)] ReadMemory at 0x5a1b72ba10 of 64 bytes failed: Only part of a ReadProcessMemory or WriteProcessMemory request was completed. (0x12B)
[0706/213335.958:ERROR:process_memory_win.cc(73)] ReadMemory at 0x5a1b72ba60 of 62 bytes failed: Only part of a ReadProcessMemory or WriteProcessMemory request was completed. (0x12B)
[0706/213335.958:ERROR:process_memory_win.cc(73)] ReadMemory at 0x5a1b72bb00 of 64 bytes failed: Only part of a ReadProcessMemory or WriteProcessMemory request was completed. (0x12B)
[0706/213335.958:ERROR:process_memory_win.cc(73)] ReadMemory at 0x5a1b72bb50 of 66 bytes failed: Only part of a ReadProcessMemory or WriteProcessMemory request was completed. (0x12B)
[0706/213335.958:ERROR:process_memory_win.cc(73)] ReadMemory at 0x5a1b72bba0 of 62 bytes failed: Only part of a ReadProcessMemory or WriteProcessMemory request was completed. (0x12B)
[0706/213335.958:ERROR:process_memory_win.cc(73)] ReadMemory at 0x5a1b72c8f0 of 154 bytes failed: Only part of a ReadProcessMemory or WriteProcessMemory request was completed. (0x12B)
[0706/213335.958:ERROR:process_memory_win.cc(73)] ReadMemory at 0x5a1b72e390 of 132 bytes failed: Only part of a ReadProcessMemory or WriteProcessMemory request was completed. (0x12B)
[0706/213335.958:ERROR:process_memory_win.cc(73)] ReadMemory at 0x5a1b72e4b0 of 132 bytes failed: Only part of a ReadProcessMemory or WriteProcessMemory request was completed. (0x12B)
[0706/213335.958:ERROR:process_memory_win.cc(73)] ReadMemory at 0x5a1b72e5d0 of 132 bytes failed: Only part of a ReadProcessMemory or WriteProcessMemory request was completed. (0x12B)
[0706/213335.958:ERROR:process_memory_win.cc(73)] ReadMemory at 0x5a1b72e6f0 of 132 bytes failed: Only part of a ReadProcessMemory or WriteProcessMemory request was completed. (0x12B)
[0706/213335.958:ERROR:process_memory_win.cc(73)] ReadMemory at 0x5a1b72e810 of 132 bytes failed: Only part of a ReadProcessMemory or WriteProcessMemory request was completed. (0x12B)
[0706/213335.958:ERROR:process_memory_win.cc(73)] ReadMemory at 0x5a1b72e930 of 132 bytes failed: Only part of a ReadProcessMemory or WriteProcessMemory request was completed. (0x12B)
[0706/213335.958:ERROR:process_memory_win.cc(73)] ReadMemory at 0x5a1b72eb70 of 132 bytes failed: Only part of a ReadProcessMemory or WriteProcessMemory request was completed. (0x12B)
[0706/213335.958:ERROR:process_memory_win.cc(73)] ReadMemory at 0x5a1b72ec90 of 132 bytes failed: Only part of a ReadProcessMemory or WriteProcessMemory request was completed. (0x12B)
[0706/213335.958:ERROR:process_memory_win.cc(73)] ReadMemory at 0x5a1b72edb0 of 132 bytes failed: Only part of a ReadProcessMemory or WriteProcessMemory request was completed. (0x12B)
[0706/213335.958:ERROR:process_memory_win.cc(73)] ReadMemory at 0x5a1b72eed0 of 132 bytes failed: Only part of a ReadProcessMemory or WriteProcessMemory request was completed. (0x12B)
[0706/213335.958:ERROR:process_memory_win.cc(73)] ReadMemory at 0x5a1b72eff0 of 132 bytes failed: Only part of a ReadProcessMemory or WriteProcessMemory request was completed. (0x12B)
[0706/213335.958:ERROR:process_memory_win.cc(73)] ReadMemory at 0x5a1b72f110 of 132 bytes failed: Only part of a ReadProcessMemory or WriteProcessMemory request was completed. (0x12B)
[0706/213335.958:ERROR:process_memory_win.cc(73)] ReadMemory at 0x5a1b72f230 of 132 bytes failed: Only part of a ReadProcessMemory or WriteProcessMemory request was completed. (0x12B)
[0706/213335.958:ERROR:process_memory_win.cc(73)] ReadMemory at 0x5a1b72f350 of 132 bytes failed: Only part of a ReadProcessMemory or WriteProcessMemory request was completed. (0x12B)
[0706/213335.959:ERROR:process_memory_win.cc(73)] ReadMemory at 0x5a1b72f470 of 132 bytes failed: Only part of a ReadProcessMemory or WriteProcessMemory request was completed. (0x12B)
[0706/213335.959:ERROR:process_memory_win.cc(73)] ReadMemory at 0x5a1b72f590 of 132 bytes failed: Only part of a ReadProcessMemory or WriteProcessMemory request was completed. (0x12B)
[0706/213335.959:ERROR:process_memory_win.cc(73)] ReadMemory at 0x5a1b72f6b0 of 132 bytes failed: Only part of a ReadProcessMemory or WriteProcessMemory request was completed. (0x12B)
[0706/213335.959:ERROR:process_memory_win.cc(73)] ReadMemory at 0x5a1b72f7d0 of 132 bytes failed: Only part of a ReadProcessMemory or WriteProcessMemory request was completed. (0x12B)
[0706/213335.959:ERROR:process_memory_win.cc(73)] ReadMemory at 0x5a1b72f8f0 of 132 bytes failed: Only part of a ReadProcessMemory or WriteProcessMemory request was completed. (0x12B)
[0706/213335.959:ERROR:process_memory_win.cc(73)] ReadMemory at 0x5a1b72fb30 of 132 bytes failed: Only part of a ReadProcessMemory or WriteProcessMemory request was completed. (0x12B)
[0706/213335.959:ERROR:process_memory_win.cc(73)] ReadMemory at 0x5a1b72fc50 of 132 bytes failed: Only part of a ReadProcessMemory or WriteProcessMemory request was completed. (0x12B)
[0706/213335.959:ERROR:process_memory_win.cc(73)] ReadMemory at 0x5a1b72fd70 of 132 bytes failed: Only part of a ReadProcessMemory or WriteProcessMemory request was completed. (0x12B)
[0706/213335.959:ERROR:process_memory_win.cc(73)] ReadMemory at 0x5a1b72fe90 of 132 bytes failed: Only part of a ReadProcessMemory or WriteProcessMemory request was completed. (0x12B)
[0706/213335.959:ERROR:process_memory_win.cc(73)] ReadMemory at 0x5a1b72ffb0 of 132 bytes failed: Only part of a ReadProcessMemory or WriteProcessMemory request was completed. (0x12B)
[0706/213335.959:ERROR:process_memory_win.cc(73)] ReadMemory at 0x5a1b7300d0 of 132 bytes failed: Only part of a ReadProcessMemory or WriteProcessMemory request was completed. (0x12B)
[0706/213335.959:ERROR:process_memory_win.cc(73)] ReadMemory at 0x5a1b7301f0 of 132 bytes failed: Only part of a ReadProcessMemory or WriteProcessMemory request was completed. (0x12B)
[0706/213335.959:ERROR:process_memory_win.cc(73)] ReadMemory at 0x5a1b731df0 of 62 bytes failed: Only part of a ReadProcessMemory or WriteProcessMemory request was completed. (0x12B)
[0706/213335.959:ERROR:process_memory_win.cc(73)] ReadMemory at 0x5a1b731fd0 of 60 bytes failed: Only part of a ReadProcessMemory or WriteProcessMemory request was completed. (0x12B)
[0706/213335.959:ERROR:process_memory_win.cc(73)] ReadMemory at 0x5a1b732070 of 64 bytes failed: Only part of a ReadProcessMemory or WriteProcessMemory request was completed. (0x12B)
[0706/213335.959:ERROR:process_memory_win.cc(73)] ReadMemory at 0x5a1b7320c0 of 58 bytes failed: Only part of a ReadProcessMemory or WriteProcessMemory request was completed. (0x12B)
[0706/213335.959:ERROR:process_memory_win.cc(73)] ReadMemory at 0x5a1b732160 of 62 bytes failed: Only part of a ReadProcessMemory or WriteProcessMemory request was completed. (0x12B)
[0706/213335.959:ERROR:process_memory_win.cc(73)] ReadMemory at 0x5a1b7321b0 of 60 bytes failed: Only part of a ReadProcessMemory or WriteProcessMemory request was completed. (0x12B)
[0706/213335.959:ERROR:process_memory_win.cc(73)] ReadMemory at 0x5a1b732390 of 64 bytes failed: Only part of a ReadProcessMemory or WriteProcessMemory request was completed. (0x12B)
[0706/213335.959:ERROR:process_memory_win.cc(73)] ReadMemory at 0x5a1b7323e0 of 64 bytes failed: Only part of a ReadProcessMemory or WriteProcessMemory request was completed. (0x12B)
[0706/213335.959:ERROR:process_memory_win.cc(73)] ReadMemory at 0x5a1b732480 of 62 bytes failed: Only part of a ReadProcessMemory or WriteProcessMemory request was completed. (0x12B)
[0706/213335.959:ERROR:process_memory_win.cc(73)] ReadMemory at 0x5a1b7324d0 of 60 bytes failed: Only part of a ReadProcessMemory or WriteProcessMemory request was completed. (0x12B)
[0706/213335.959:ERROR:process_memory_win.cc(73)] ReadMemory at 0x5a1b732520 of 64 bytes failed: Only part of a ReadProcessMemory or WriteProcessMemory request was completed. (0x12B)
[0706/213335.959:ERROR:process_memory_win.cc(73)] ReadMemory at 0x5a1b732570 of 60 bytes failed: Only part of a ReadProcessMemory or WriteProcessMemory request was completed. (0x12B)
[0706/213335.959:ERROR:process_memory_win.cc(73)] ReadMemory at 0x5a1b7325c0 of 64 bytes failed: Only part of a ReadProcessMemory or WriteProcessMemory request was completed. (0x12B)
[0706/213335.959:ERROR:process_memory_win.cc(73)] ReadMemory at 0x5a1b732750 of 62 bytes failed: Only part of a ReadProcessMemory or WriteProcessMemory request was completed. (0x12B)
[0706/213335.960:ERROR:process_memory_win.cc(73)] ReadMemory at 0x5a1b7328e0 of 64 bytes failed: Only part of a ReadProcessMemory or WriteProcessMemory request was completed. (0x12B)
[0706/213335.960:ERROR:process_memory_win.cc(73)] ReadMemory at 0x5a1b732980 of 64 bytes failed: Only part of a ReadProcessMemory or WriteProcessMemory request was completed. (0x12B)
[0706/213335.960:ERROR:process_memory_win.cc(73)] ReadMemory at 0x5a1b7329d0 of 58 bytes failed: Only part of a ReadProcessMemory or WriteProcessMemory request was completed. (0x12B)
[0706/213335.960:ERROR:process_memory_win.cc(73)] ReadMemory at 0x5a1b732a20 of 60 bytes failed: Only part of a ReadProcessMemory or WriteProcessMemory request was completed. (0x12B)
[0706/213335.960:ERROR:process_memory_win.cc(73)] ReadMemory at 0x5a1b732a70 of 62 bytes failed: Only part of a ReadProcessMemory or WriteProcessMemory request was completed. (0x12B)
[0706/213335.960:ERROR:process_memory_win.cc(73)] ReadMemory at 0x5a1b732b10 of 64 bytes failed: Only part of a ReadProcessMemory or WriteProcessMemory request was completed. (0x12B)
[0706/213335.960:ERROR:process_memory_win.cc(73)] ReadMemory at 0x5a1b732b60 of 60 bytes failed: Only part of a ReadProcessMemory or WriteProcessMemory request was completed. (0x12B)
[0706/213335.960:ERROR:process_memory_win.cc(73)] ReadMemory at 0x5a1b732ca0 of 56 bytes failed: Only part of a ReadProcessMemory or WriteProcessMemory request was completed. (0x12B)
[0706/213335.960:ERROR:process_memory_win.cc(73)] ReadMemory at 0x5a1b732cf0 of 60 bytes failed: Only part of a ReadProcessMemory or WriteProcessMemory request was completed. (0x12B)
[0706/213335.960:ERROR:process_memory_win.cc(73)] ReadMemory at 0x5a1b734ec0 of 250 bytes failed: Only part of a ReadProcessMemory or WriteProcessMemory request was completed. (0x12B)
[0706/213335.960:ERROR:process_memory_win.cc(73)] ReadMemory at 0x5a1b737030 of 80 bytes failed: Only part of a ReadProcessMemory or WriteProcessMemory request was completed. (0x12B)
[0706/213335.960:ERROR:process_memory_win.cc(73)] ReadMemory at 0x5a1b73b300 of 132 bytes failed: Only part of a ReadProcessMemory or WriteProcessMemory request was completed. (0x12B)
[0706/213335.960:ERROR:process_memory_win.cc(73)] ReadMemory at 0x5a1b745460 of 512 bytes failed: Only part of a ReadProcessMemory or WriteProcessMemory request was completed. (0x12B)
[0706/213335.960:ERROR:process_memory_win.cc(73)] ReadMemory at 0x5a1bec0000 of 384 bytes failed: Only part of a ReadProcessMemory or WriteProcessMemory request was completed. (0x12B)
[0706/213335.960:ERROR:process_memory_win.cc(73)] ReadMemory at 0x5a1bf0bbf0 of 512 bytes failed: Only part of a ReadProcessMemory or WriteProcessMemory request was completed. (0x12B)
[0706/213335.960:ERROR:process_memory_win.cc(73)] ReadMemory at 0x5a1bf0f130 of 512 bytes failed: Only part of a ReadProcessMemory or WriteProcessMemory request was completed. (0x12B)
[0706/213335.960:ERROR:process_memory_win.cc(73)] ReadMemory at 0x5a1bf16af0 of 512 bytes failed: Only part of a ReadProcessMemory or WriteProcessMemory request was completed. (0x12B)
[0706/213335.960:ERROR:process_memory_win.cc(73)] ReadMemory at 0x5a1bf1dda0 of 512 bytes failed: Only part of a ReadProcessMemory or WriteProcessMemory request was completed. (0x12B)
[0706/213335.960:ERROR:process_memory_win.cc(73)] ReadMemory at 0x5a1bf1f1c0 of 512 bytes failed: Only part of a ReadProcessMemory or WriteProcessMemory request was completed. (0x12B)
[0706/213335.960:ERROR:process_memory_win.cc(73)] ReadMemory at 0x5a1bf1f5d0 of 512 bytes failed: Only part of a ReadProcessMemory or WriteProcessMemory request was completed. (0x12B)
[0706/213335.960:ERROR:process_memory_win.cc(73)] ReadMemory at 0x5a1bf28678 of 512 bytes failed: Only part of a ReadProcessMemory or WriteProcessMemory request was completed. (0x12B)
[0706/213335.960:ERROR:process_memory_win.cc(73)] ReadMemory at 0x5a1bf98650 of 512 bytes failed: Only part of a ReadProcessMemory or WriteProcessMemory request was completed. (0x12B)
[0706/213335.960:ERROR:process_memory_win.cc(73)] ReadMemory at 0x5a1c09aca0 of 512 bytes failed: Only part of a ReadProcessMemory or WriteProcessMemory request was completed. (0x12B)
[0706/213335.960:ERROR:process_memory_win.cc(73)] ReadMemory at 0x7ff78372e000 of 6024 bytes failed: Only part of a ReadProcessMemory or WriteProcessMemory request was completed. (0x12B)
[0706/213335.960:ERROR:process_memory_win.cc(73)] ReadMemory at 0x7ff783853000 of 6024 bytes failed: Only part of a ReadProcessMemory or WriteProcessMemory request was completed. (0x12B)
[0706/213335.961:ERROR:process_memory_win.cc(73)] ReadMemory at 0x7ff783855000 of 852 bytes failed: Only part of a ReadProcessMemory or WriteProcessMemory request was completed. (0x12B)
[0706/213335.961:ERROR:process_memory_win.cc(73)] ReadMemory at 0x7ff783856000 of 6024 bytes failed: Only part of a ReadProcessMemory or WriteProcessMemory request was completed. (0x12B)
[0706/213335.961:ERROR:process_memory_win.cc(73)] ReadMemory at 0x7ff783858000 of 6024 bytes failed: Only part of a ReadProcessMemory or WriteProcessMemory request was completed. (0x12B)
[0706/213335.961:ERROR:process_memory_win.cc(73)] ReadMemory at 0x7ff78385a000 of 6024 bytes failed: Only part of a ReadProcessMemory or WriteProcessMemory request was completed. (0x12B)
[0706/213335.961:ERROR:process_memory_win.cc(73)] ReadMemory at 0x7ff78385c000 of 6024 bytes failed: Only part of a ReadProcessMemory or WriteProcessMemory request was completed. (0x12B)
[0706/213335.961:ERROR:process_memory_win.cc(73)] ReadMemory at 0x7ff78385e000 of 6024 bytes failed: Only part of a ReadProcessMemory or WriteProcessMemory request was completed. (0x12B)
[0706/213335.961:ERROR:process_memory_win.cc(73)] ReadMemory at 0x7ff832d929ef of 512 bytes failed: Only part of a ReadProcessMemory or WriteProcessMemory request was completed. (0x12B)
[0706/213335.961:ERROR:process_memory_win.cc(73)] ReadMemory at 0x7ff833fe8920 of 512 bytes failed: Only part of a ReadProcessMemory or WriteProcessMemory request was completed. (0x12B)
[0706/213335.961:ERROR:process_memory_win.cc(73)] ReadMemory at 0x7ff834cf078c of 512 bytes failed: Only part of a ReadProcessMemory or WriteProcessMemory request was completed. (0x12B)
[0706/213335.961:ERROR:process_memory_win.cc(73)] ReadMemory at 0x7ff8377e2c58 of 512 bytes failed: Only part of a ReadProcessMemory or WriteProcessMemory request was completed. (0x12B)
[0706/213335.961:ERROR:process_memory_win.cc(73)] ReadMemory at 0x7ff8377e2fa0 of 512 bytes failed: Only part of a ReadProcessMemory or WriteProcessMemory request was completed. (0x12B)
[0706/213335.961:ERROR:process_memory_win.cc(73)] ReadMemory at 0x7ff837b82368 of 512 bytes failed: Only part of a ReadProcessMemory or WriteProcessMemory request was completed. (0x12B)
[0706/213335.961:ERROR:process_memory_win.cc(73)] ReadMemory at 0x7ff84b0c978a of 512 bytes failed: Only part of a ReadProcessMemory or WriteProcessMemory request was completed. (0x12B)
[0706/213335.961:ERROR:process_memory_win.cc(73)] ReadMemory at 0x7ff8633ca148 of 512 bytes failed: Only part of a ReadProcessMemory or WriteProcessMemory request was completed. (0x12B)
[0706/213335.961:ERROR:process_memory_win.cc(73)] ReadMemory at 0x7ff863cf5680 of 512 bytes failed: Only part of a ReadProcessMemory or WriteProcessMemory request was completed. (0x12B)
[0706/213335.961:ERROR:process_memory_win.cc(73)] ReadMemory at 0x7ff866518fc0 of 512 bytes failed: Only part of a ReadProcessMemory or WriteProcessMemory request was completed. (0x12B)
[0706/213335.961:ERROR:process_memory_win.cc(73)] ReadMemory at 0x7ff86651aa50 of 512 bytes failed: Only part of a ReadProcessMemory or WriteProcessMemory request was completed. (0x12B)
[0706/213335.961:ERROR:process_memory_win.cc(73)] ReadMemory at 0x7ff86651b620 of 512 bytes failed: Only part of a ReadProcessMemory or WriteProcessMemory request was completed. (0x12B)
[0706/213335.961:ERROR:process_memory_win.cc(73)] ReadMemory at 0x7ff86657350a of 512 bytes failed: Only part of a ReadProcessMemory or WriteProcessMemory request was completed. (0x12B)
[0706/213335.961:ERROR:process_memory_win.cc(73)] ReadMemory at 0x7ff86657380a of 512 bytes failed: Only part of a ReadProcessMemory or WriteProcessMemory request was completed. (0x12B)
[0706/213335.962:ERROR:process_memory_win.cc(73)] ReadMemory at 0x7ff86657502a of 512 bytes failed: Only part of a ReadProcessMemory or WriteProcessMemory request was completed. (0x12B)
[0706/213335.962:ERROR:process_memory_win.cc(73)] ReadMemory at 0x7ff8665e5db0 of 512 bytes failed: Only part of a ReadProcessMemory or WriteProcessMemory request was completed. (0x12B)
[0706/213335.962:ERROR:process_memory_win.cc(73)] ReadMemory at 0x7ff8665eb6b0 of 18 bytes failed: Only part of a ReadProcessMemory or WriteProcessMemory request was completed. (0x12B)
[0706/213335.962:ERROR:process_memory_win.cc(73)] ReadMemory at 0x7ff8666230b0 of 40 bytes failed: Only part of a ReadProcessMemory or WriteProcessMemory request was completed. (0x12B)
[0706/213335.962:ERROR:process_memory_win.cc(73)] ReadMemory at 0x7ff866623c28 of 48 bytes failed: Only part of a ReadProcessMemory or WriteProcessMemory request was completed. (0x12B)
[0706/213335.962:ERROR:process_memory_win.cc(73)] ReadMemory at 0x7ff8666261c0 of 64 bytes failed: Only part of a ReadProcessMemory or WriteProcessMemory request was completed. (0x12B)
[0706/213335.965:ERROR:scoped_process_suspend.cc(40)] NtResumeProcess: An attempt was made to access an exiting process. (0xc000010a)
